<?xml version="1.0" encoding="UTF-8"?>
<testng-results ignored="0" total="1" passed="1" failed="0" skipped="0">
  <reporter-output>
  </reporter-output>
  <suite started-at="2020-12-29T11:44:37 EST" name="Default suite" finished-at="2020-12-29T11:44:46 EST" duration-ms="9443">
    <groups>
    </groups>
    <test started-at="2020-12-29T11:44:37 EST" name="Default test" finished-at="2020-12-29T11:44:46 EST" duration-ms="9443">
      <class name="testngtest.Login">
        <test-method signature="f()[pri:0, instance:testngtest.Login@7219ec67]" started-at="2020-12-29T11:44:37 EST" name="f" finished-at="2020-12-29T11:44:46 EST" duration-ms="9374" status="PASS">
          <reporter-output>
          </reporter-output>
        </test-method> <!-- f -->
      </class> <!-- testngtest.Login -->
    </test> <!-- Default test -->
  </suite> <!-- Default suite -->
</testng-results>
